<?xml version="1.0" encoding="UTF-8"?>
<!-- Generated by org.testng.reporters.JUnitReportReporter -->
<testsuite hostname="DESKTOP-0OH831K" failures="0" tests="4" name="mobileTesting.MyClass" time="56.642" errors="0" timestamp="2024-09-04T22:53:49 EET" skipped="1">
  <testcase classname="mobileTesting.MyClass" name="ClickOnAllButtons" time="28.589"/>
  <system-out/>
  <testcase classname="mobileTesting.MyClass" name="ClickOnNumbersOnly" time="15.438"/>
  <system-out/>
  <testcase classname="mobileTesting.MyClass" name="clickonevenNumbers" time="12.615"/>
  <system-out/>
  <testcase classname="mobileTesting.MyClass" name="checkTime">
    <skipped/>
  </testcase> <!-- checkTime -->
  <system-out/>
</testsuite> <!-- mobileTesting.MyClass -->
